[2025-12-10T16:17:48.622Z] Starting generator: python3 random_cof_generator_v2.py
[2025-12-10T16:17:49.840Z] Generator success: S4_PORP_BOH2_H-L2_TPTA_BOH2_Cl-SQL_A-AA
[2025-12-10T16:17:49.840Z] API generate-cof error: Building Block name is invalid!
Symm: True, Core: False, Connector: True, Functional Group:True
[2025-12-10T16:18:54.287Z] Starting generator: python3 random_cof_generator_v2.py
[2025-12-10T16:18:55.419Z] Generator success: T3_TPA_CHCN_Br-L2_TRZN_CHO_NO2-HCB_A-AA
[2025-12-10T16:18:55.419Z] API generate-cof error: Building Block name is invalid!
Symm: True, Core: False, Connector: False, Functional Group:True
[2025-12-10T16:19:11.075Z] Starting generator: python3 random_cof_generator_v2.py
[2025-12-10T16:19:15.726Z] Generator success: S4_PORP_BOH2_COOH_H-L2_TPNY_BOH2_Br_H_H_H_H_H-SQL_A-AA.cif
[2025-12-10T16:19:15.726Z] API generate-cof -> S4_PORP_BOH2_COOH_H-L2_TPNY_BOH2_Br_H_H_H_H_H-SQL_A-AA
[2025-12-10T16:23:07.740Z] Starting generator: python3 random_cof_generator_v2.py
[2025-12-10T16:23:08.921Z] Generator success: S4_PHPR_NH2_H-L2_BTTP_CHO_Ph-SQL_A-AA
[2025-12-10T16:23:08.921Z] API generate-cof error: Building Block name is invalid!
Symm: True, Core: False, Connector: True, Functional Group:True
[2025-12-10T16:51:12.142Z] API generate-cof -> 20080N2
[2025-12-10T16:52:15.876Z] API generate-cof -> 19550N2
[2025-12-10T16:55:50.203Z] Sampled 19522N2.cif -> cof-1765385750201-tx9a.cif
[2025-12-10T16:55:55.205Z] API generate-cof -> cof-1765385750201-tx9a
[2025-12-10T17:09:07.416Z] Sampled 19480N2.cif -> cof-1765386547415-94eo.cif
[2025-12-10T17:09:12.419Z] API generate-cof -> cof-1765386547415-94eo
